0 info it worked if it ends with ok
1 verbose cli [ '/usr/bin/node', '/usr/bin/npm', 'run', 'server' ]
2 info using npm@3.10.10
3 info using node@v6.9.4
4 verbose run-script [ 'preserver', 'server', 'postserver' ]
5 info lifecycle jjjj@1.0.0~preserver: jjjj@1.0.0
6 silly lifecycle jjjj@1.0.0~preserver: no script for preserver, continuing
7 info lifecycle jjjj@1.0.0~server: jjjj@1.0.0
8 verbose lifecycle jjjj@1.0.0~server: unsafe-perm in lifecycle true
9 verbose lifecycle jjjj@1.0.0~server: PATH: /usr/lib/node_modules/npm/bin/node-gyp-bin:/home/damian/Pulpit/sadasdsadsad/node_modules/.bin:/usr/local/sbin:/usr/local/bin:/usr/bin:/usr/lib/jvm/default/bin:/usr/bin/site_perl:/usr/bin/vendor_perl:/usr/bin/core_perl
10 verbose lifecycle jjjj@1.0.0~server: CWD: /home/damian/Pulpit/sadasdsadsad
11 silly lifecycle jjjj@1.0.0~server: Args: [ '-c', 'webpack-dev-server --hot' ]
12 silly lifecycle jjjj@1.0.0~server: Returned: code: 1  signal: null
13 info lifecycle jjjj@1.0.0~server: Failed to exec server script
14 verbose stack Error: jjjj@1.0.0 server: `webpack-dev-server --hot`
14 verbose stack Exit status 1
14 verbose stack     at EventEmitter.<anonymous> (/usr/lib/node_modules/npm/lib/utils/lifecycle.js:255:16)
14 verbose stack     at emitTwo (events.js:106:13)
14 verbose stack     at EventEmitter.emit (events.js:191:7)
14 verbose stack     at ChildProcess.<anonymous> (/usr/lib/node_modules/npm/lib/utils/spawn.js:40:14)
14 verbose stack     at emitTwo (events.js:106:13)
14 verbose stack     at ChildProcess.emit (events.js:191:7)
14 verbose stack     at maybeClose (internal/child_process.js:877:16)
14 verbose stack     at Process.ChildProcess._handle.onexit (internal/child_process.js:226:5)
15 verbose pkgid jjjj@1.0.0
16 verbose cwd /home/damian/Pulpit/sadasdsadsad
17 error Linux 4.9.43-1-MANJARO
18 error argv "/usr/bin/node" "/usr/bin/npm" "run" "server"
19 error node v6.9.4
20 error npm  v3.10.10
21 error code ELIFECYCLE
22 error jjjj@1.0.0 server: `webpack-dev-server --hot`
22 error Exit status 1
23 error Failed at the jjjj@1.0.0 server script 'webpack-dev-server --hot'.
23 error Make sure you have the latest version of node.js and npm installed.
23 error If you do, this is most likely a problem with the jjjj package,
23 error not with npm itself.
23 error Tell the author that this fails on your system:
23 error     webpack-dev-server --hot
23 error You can get information on how to open an issue for this project with:
23 error     npm bugs jjjj
23 error Or if that isn't available, you can get their info via:
23 error     npm owner ls jjjj
23 error There is likely additional logging output above.
24 verbose exit [ 1, true ]
